HuskyChow/app/build/intermediates/manifest_merge_blame_file/debug/manifest-merger-blame-debug-report.txt
1<?xml version="1.0" encoding="utf-8"?>
2<manifest xmlns:android="http://schemas.android.com/apk/res/android"
3    package="com.example.huskychow"
4    android:versionCode="1"
5    android:versionName="1.0" >
6
7    <uses-sdk
8        android:minSdkVersion="16"
8-->src\main\AndroidManifest.xml
9        android:targetSdkVersion="29" />
9-->src\main\AndroidManifest.xml
10
11    <uses-permission android:name="android.permission.ACCESS_FINE_LOCATION" />
11-->[com.google.android.libraries.places:places:2.2.0] AndroidManifest.xml:9:5-79
11-->[com.google.android.libraries.places:places:2.2.0] AndroidManifest.xml:9:22-76
12    <uses-permission android:name="android.permission.ACCESS_WIFI_STATE" />
12-->[com.google.android.libraries.places:places:2.2.0] AndroidManifest.xml:10:5-76
12-->[com.google.android.libraries.places:places:2.2.0] AndroidManifest.xml:10:22-73
13    <uses-permission android:name="android.permission.INTERNET" /> <!-- Include required permissions for Google Maps API to run. -->
13-->[com.google.android.libraries.places:places:2.2.0] AndroidManifest.xml:11:5-67
13-->[com.google.android.libraries.places:places:2.2.0] AndroidManifest.xml:11:22-64
14    <uses-permission android:name="android.permission.ACCESS_NETWORK_STATE" />
14-->[com.google.android.gms:play-services-maps:17.0.0] AndroidManifest.xml:23:5-79
14-->[com.google.android.gms:play-services-maps:17.0.0] AndroidManifest.xml:23:22-76
15
16    <uses-feature
16-->[com.google.android.gms:play-services-maps:17.0.0] AndroidManifest.xml:26:5-28:35
17        android:glEsVersion="0x00020000"
17-->[com.google.android.gms:play-services-maps:17.0.0] AndroidManifest.xml:27:9-41
18        android:required="true" />
18-->[com.google.android.gms:play-services-maps:17.0.0] AndroidManifest.xml:28:9-32
19
20    <application
20-->src\main\AndroidManifest.xml:5:5-28:19
21        android:allowBackup="true"
21-->src\main\AndroidManifest.xml:6:9-35
22        android:appComponentFactory="androidx.core.app.CoreComponentFactory"
22-->[androidx.core:core:1.1.0] AndroidManifest.xml:24:18-86
23        android:debuggable="true"
24        android:icon="@mipmap/ic_launcher"
24-->src\main\AndroidManifest.xml:7:9-43
25        android:label="@string/app_name"
25-->src\main\AndroidManifest.xml:8:9-41
26        android:roundIcon="@mipmap/ic_launcher_round"
26-->src\main\AndroidManifest.xml:9:9-54
27        android:supportsRtl="true"
27-->src\main\AndroidManifest.xml:10:9-35
28        android:testOnly="true"
29        android:theme="@style/AppTheme" >
29-->src\main\AndroidManifest.xml:11:9-40
30        <activity
30-->src\main\AndroidManifest.xml:12:9-17:20
31            android:name="com.example.huskychow.ui.search.SearchActivity"
31-->src\main\AndroidManifest.xml:13:13-53
32            android:parentActivityName="com.example.huskychow.MainActivity" >
32-->src\main\AndroidManifest.xml:14:13-55
33        android:label="@string/title_activity_search"
34            android:theme="@style/AppTheme.NoActionBar">
35        </activity>
36        <activity
36-->src\main\AndroidManifest.xml:19:9-27:20
37            android:name="com.example.huskychow.MainActivity"
37-->src\main\AndroidManifest.xml:20:13-41
38            android:label="@string/app_name" >
38-->src\main\AndroidManifest.xml:21:13-45
39            <intent-filter>
39-->src\main\AndroidManifest.xml:22:13-26:29
40                <action android:name="android.intent.action.MAIN" />
40-->src\main\AndroidManifest.xml:23:17-69
40-->src\main\AndroidManifest.xml:23:25-66
41
42                <category android:name="android.intent.category.LAUNCHER" />
42-->src\main\AndroidManifest.xml:25:17-77
42-->src\main\AndroidManifest.xml:25:27-74
43            </intent-filter>
44        </activity>
45        <activity
45-->[com.google.android.libraries.places:places:2.2.0] AndroidManifest.xml:14:9-20:20
46            android:name="com.google.android.libraries.places.widget.AutocompleteActivity"
46-->[com.google.android.libraries.places:places:2.2.0] AndroidManifest.xml:15:13-91
47            android:exported="false"
47-->[com.google.android.libraries.places:places:2.2.0] AndroidManifest.xml:16:13-37
48            android:label="@string/places_autocomplete_label"
48-->[com.google.android.libraries.places:places:2.2.0] AndroidManifest.xml:17:13-62
49            android:theme="@style/PlacesAutocompleteOverlay"
49-->[com.google.android.libraries.places:places:2.2.0] AndroidManifest.xml:18:13-61
50            android:windowSoftInputMode="adjustResize" >
50-->[com.google.android.libraries.places:places:2.2.0] AndroidManifest.xml:19:13-55
51        </activity> <!-- Needs to be explicitly declared on P+ -->
52        <uses-library
52-->[com.google.android.gms:play-services-maps:17.0.0] AndroidManifest.xml:33:9-35:40
53            android:name="org.apache.http.legacy"
53-->[com.google.android.gms:play-services-maps:17.0.0] AndroidManifest.xml:34:13-50
54            android:required="false" />
54-->[com.google.android.gms:play-services-maps:17.0.0] AndroidManifest.xml:35:13-37
55
56        <activity
56-->[com.google.android.gms:play-services-base:17.0.0] AndroidManifest.xml:23:9-26:75
57            android:name="com.google.android.gms.common.api.GoogleApiActivity"
57-->[com.google.android.gms:play-services-base:17.0.0] AndroidManifest.xml:24:13-79
58            android:exported="false"
58-->[com.google.android.gms:play-services-base:17.0.0] AndroidManifest.xml:25:13-37
59            android:theme="@android:style/Theme.Translucent.NoTitleBar" />
59-->[com.google.android.gms:play-services-base:17.0.0] AndroidManifest.xml:26:13-72
60
61        <meta-data
61-->[com.google.android.gms:play-services-basement:17.0.0] AndroidManifest.xml:23:9-25:69
62            android:name="com.google.android.gms.version"
62-->[com.google.android.gms:play-services-basement:17.0.0] AndroidManifest.xml:24:13-58
63            android:value="@integer/google_play_services_version" />
63-->[com.google.android.gms:play-services-basement:17.0.0] AndroidManifest.xml:25:13-66
64
65        <service
65-->[com.google.android.datatransport:transport-backend-cct:2.1.0] AndroidManifest.xml:29:9-35:19
66            android:name="com.google.android.datatransport.runtime.backends.TransportBackendDiscovery"
66-->[com.google.android.datatransport:transport-backend-cct:2.1.0] AndroidManifest.xml:30:13-103
67            android:exported="false" >
67-->[com.google.android.datatransport:transport-backend-cct:2.1.0] AndroidManifest.xml:31:13-37
68            <meta-data
68-->[com.google.android.datatransport:transport-backend-cct:2.1.0] AndroidManifest.xml:32:13-34:39
69                android:name="backend:com.google.android.datatransport.cct.CctBackendFactory"
69-->[com.google.android.datatransport:transport-backend-cct:2.1.0] AndroidManifest.xml:33:17-94
70                android:value="cct" />
70-->[com.google.android.datatransport:transport-backend-cct:2.1.0] AndroidManifest.xml:34:17-36
71        </service>
72        <service
72-->[com.google.android.datatransport:transport-runtime:2.1.0] AndroidManifest.xml:26:9-30:19
73            android:name="com.google.android.datatransport.runtime.scheduling.jobscheduling.JobInfoSchedulerService"
73-->[com.google.android.datatransport:transport-runtime:2.1.0] AndroidManifest.xml:27:13-117
74            android:exported="false"
74-->[com.google.android.datatransport:transport-runtime:2.1.0] AndroidManifest.xml:28:13-37
75            android:permission="android.permission.BIND_JOB_SERVICE" >
75-->[com.google.android.datatransport:transport-runtime:2.1.0] AndroidManifest.xml:29:13-69
76        </service>
77
78        <receiver
78-->[com.google.android.datatransport:transport-runtime:2.1.0] AndroidManifest.xml:32:9-34:40
79            android:name="com.google.android.datatransport.runtime.scheduling.jobscheduling.AlarmManagerSchedulerBroadcastReceiver"
79-->[com.google.android.datatransport:transport-runtime:2.1.0] AndroidManifest.xml:33:13-132
80            android:exported="false" />
80-->[com.google.android.datatransport:transport-runtime:2.1.0] AndroidManifest.xml:34:13-37
81
82        <provider
82-->[androidx.lifecycle:lifecycle-process:2.1.0] AndroidManifest.xml:23:9-27:43
83            android:name="androidx.lifecycle.ProcessLifecycleOwnerInitializer"
83-->[androidx.lifecycle:lifecycle-process:2.1.0] AndroidManifest.xml:24:13-79
84            android:authorities="com.example.huskychow.lifecycle-process"
84-->[androidx.lifecycle:lifecycle-process:2.1.0] AndroidManifest.xml:25:13-69
85            android:exported="false"
85-->[androidx.lifecycle:lifecycle-process:2.1.0] AndroidManifest.xml:26:13-37
86            android:multiprocess="true" />
86-->[androidx.lifecycle:lifecycle-process:2.1.0] AndroidManifest.xml:27:13-40
87    </application>
88
89</manifest>